<?xml version="1.0" encoding="UTF-8"?>
<!-- Generated by org.testng.reporters.JUnitReportReporter -->
<testsuite hostname="Fatemas-MacBook-Pro.local" name="tom.yahoo" tests="1" failures="0" timestamp="11 Dec 2017 01:31:38 GMT" time="32.571" errors="0">
  <testcase name="setUpstart" time="32.571" classname="tom.yahoo"/>
</testsuite> <!-- tom.yahoo -->
