<?xml version="1.0" encoding="UTF-8"?>
<!-- Generated by org.testng.reporters.JUnitReportReporter -->
<testsuite hostname="Fatemas-MacBook-Pro.local" name="dom.TestDemo" tests="5" failures="0" timestamp="11 Dec 2017 01:30:29 GMT" time="0.013" errors="0">
  <testcase name="funWithArrayLists" time="0.008" classname="dom.TestDemo"/>
  <testcase name="funWithJavaStrings" time="0.002" classname="dom.TestDemo"/>
  <testcase name="funWithHashSets" time="0.001" classname="dom.TestDemo"/>
  <testcase name="funWithHashMaps" time="0.001" classname="dom.TestDemo"/>
  <testcase name="setup" time="0.001" classname="dom.TestDemo"/>
</testsuite> <!-- dom.TestDemo -->
